2019-02-19 16:26:29,096 INFO  [CheckoutPage] 388-503-836-0107 
2019-02-19 16:26:29,190 INFO  [stepdefinition] User is able to see Thank you Page with order Number 
2019-02-19 16:43:28,684 INFO  [CheckoutPage] 388-503-025-8401 
2019-02-19 16:43:28,868 INFO  [stepdefinition] User is able to see Thank you Page with order Number 
2019-02-19 16:46:11,557 INFO  [CheckoutPage] 388-503-010-6908 
2019-02-19 16:46:11,801 INFO  [stepdefinition] User is able to see Thank you Page with order Number 
2019-02-19 16:47:19,273 INFO  [CheckoutPage] 388-503-071-0172 
2019-02-19 16:47:19,361 INFO  [stepdefinition] User is able to see Thank you Page with order Number 
2019-02-19 16:50:17,394 INFO  [CheckoutPage] 388-503-003-7143 
2019-02-19 16:50:17,510 INFO  [stepdefinition] User is able to see Thank you Page with order Number 
2019-02-19 16:51:16,120 INFO  [CheckoutPage] 388-503-004-2403 
2019-02-19 16:51:16,340 INFO  [stepdefinition] User is able to see Thank you Page with order Number 
2019-02-19 16:52:38,059 INFO  [CheckoutPage] 388-503-048-8408 
2019-02-19 16:52:38,158 INFO  [stepdefinition] User is able to see Thank you Page with order Number 
2019-02-19 16:55:49,660 INFO  [CheckoutPage] 388-503-097-4201 
2019-02-19 16:55:49,887 INFO  [stepdefinition] User is able to see Thank you Page with order Number 
2019-02-19 16:57:11,418 INFO  [CheckoutPage] 388-503-452-9358 
2019-02-19 16:57:12,228 INFO  [stepdefinition] User is able to see Thank you Page with order Number 
2019-02-19 16:59:19,170 INFO  [CheckoutPage] 388-503-438-0001 
2019-02-19 16:59:19,269 INFO  [stepdefinition] User is able to see Thank you Page with order Number 
2019-02-19 17:01:18,711 INFO  [CheckoutPage] 388-503-424-0301 
2019-02-19 17:01:18,934 INFO  [stepdefinition] User is able to see Thank you Page with order Number 
2019-02-19 17:02:17,373 INFO  [CheckoutPage] 388-503-411-8301 
2019-02-19 17:02:17,483 INFO  [stepdefinition] User is able to see Thank you Page with order Number 
2019-02-19 17:07:25,156 INFO  [CheckoutPage] 388-503-407-2602 
2019-02-19 17:07:25,480 INFO  [stepdefinition] User is able to see Thank you Page with order Number 
2019-02-19 17:08:59,736 INFO  [CheckoutPage] 388-503-441-4101 
2019-02-19 17:08:59,933 INFO  [stepdefinition] User is able to see Thank you Page with order Number 
2019-02-19 17:11:33,039 INFO  [CheckoutPage] 388-503-469-5401 
2019-02-19 17:11:33,133 INFO  [stepdefinition] User is able to see Thank you Page with order Number 
2019-02-19 17:13:11,860 INFO  [CheckoutPage] 388-503-496-9708 
2019-02-19 17:13:12,045 INFO  [stepdefinition] User is able to see Thank you Page with order Number 
2019-02-20 15:21:42,098 INFO  [BasePageObject] no such window: target window already closed
from unknown error: web view not found
  (Session info: chrome=72.0.3626.109)
  (Driver info: chromedriver=2.43.600210 (68dcf5eebde37173d4027fa8635e332711d2874a),platform=Windows NT 10.0.17134 x86_64) (WARNING: The server did not provide any stacktrace information)
Command duration or timeout: 0 milliseconds
Build info: version: '3.14.0', revision: 'aacccce0', time: '2018-08-02T20:19:58.91Z'
System info: host: 'IVC17-140', ip: '10.3.101.91', os.name: 'Windows 10', os.arch: 'amd64', os.version: '10.0', java.version: '1.8.0_201'
Driver info: org.openqa.selenium.chrome.ChromeDriver
Capabilities {acceptInsecureCerts: false, acceptSslCerts: false, applicationCacheEnabled: false, browserConnectionEnabled: false, browserName: chrome, chrome: {chromedriverVersion: 2.43.600210 (68dcf5eebde371..., userDataDir: C:\Users\IVC171~1\AppData\L...}, cssSelectorsEnabled: true, databaseEnabled: false, goog:chromeOptions: {debuggerAddress: localhost:60934}, handlesAlerts: true, hasTouchScreen: false, javascriptEnabled: true, locationContextEnabled: true, mobileEmulationEnabled: false, nativeEvents: true, networkConnectionEnabled: false, pageLoadStrategy: normal, platform: XP, platformName: XP, rotatable: false, setWindowRect: true, takesHeapSnapshot: true, takesScreenshot: true, unexpectedAlertBehaviour: , unhandledPromptBehavior: , version: 72.0.3626.109, webStorageEnabled: true}
Session ID: 19732305ea152a76380329ed1c0a0784
*** Element info: {Using=xpath, value=//h1[@class='Typography__H1Text-rz6iur-0 product-list-title Typography__LH1Text-rz6iur-7 iesNIc']} 
2019-02-26 15:29:01,552 WARN  [BasePageObject] Fail to select option : no such window: target window already closed
from unknown error: web view not found
  (Session info: chrome=72.0.3626.119)
  (Driver info: chromedriver=2.43.600210 (68dcf5eebde37173d4027fa8635e332711d2874a),platform=Windows NT 10.0.17134 x86_64) (WARNING: The server did not provide any stacktrace information)
Command duration or timeout: 0 milliseconds
Build info: version: '3.14.0', revision: 'aacccce0', time: '2018-08-02T20:19:58.91Z'
System info: host: 'IVC17-140', ip: '10.3.101.91', os.name: 'Windows 10', os.arch: 'amd64', os.version: '10.0', java.version: '1.8.0_201'
Driver info: org.openqa.selenium.chrome.ChromeDriver
Capabilities {acceptInsecureCerts: false, acceptSslCerts: false, applicationCacheEnabled: false, browserConnectionEnabled: false, browserName: chrome, chrome: {chromedriverVersion: 2.43.600210 (68dcf5eebde371..., userDataDir: C:\Users\IVC171~1\AppData\L...}, cssSelectorsEnabled: true, databaseEnabled: false, goog:chromeOptions: {debuggerAddress: localhost:55598}, handlesAlerts: true, hasTouchScreen: false, javascriptEnabled: true, locationContextEnabled: true, mobileEmulationEnabled: false, nativeEvents: true, networkConnectionEnabled: false, pageLoadStrategy: normal, platform: XP, platformName: XP, rotatable: false, setWindowRect: true, takesHeapSnapshot: true, takesScreenshot: true, unexpectedAlertBehaviour: , unhandledPromptBehavior: , version: 72.0.3626.119, webStorageEnabled: true}
Session ID: 01b6b0a354e0c5eced10d6955b8c2d48
*** Element info: {Using=name, value=state} 
2019-02-27 21:40:42,106 INFO  [WelcomePage] Welcome Page Did Not Load 
2019-02-27 22:22:18,208 INFO  [WelcomePage] Welcome Page Did Not Load 
2019-02-28 14:55:07,081 INFO  [WelcomePage] Welcome Page Did Not Load 
2019-02-28 14:55:33,901 INFO  [WelcomePage] Welcome Page Did Not Load 
